stdio    D         file_stdio.c:110  file_stdio_fopen                 [   0.00000] opening C:\Users\Gusta\source\repos\Project1\x64\Debug\allegro5.cfg r
system   D            wsystem.c:834  maybe_parent_dir                 [   0.00000] Also searching C:\Users\Gusta\source\repos\Project1\x64\
system   D            wsystem.c:889  _al_win_safe_load_library        [   0.00000] PathFindOnPath found: C:\WINDOWS\system32\shcore.dll
system   D            wsystem.c:795  load_library_at_path             [   0.00000] Calling LoadLibrary C:\WINDOWS\system32\shcore.dll
system   I            wsystem.c:798  load_library_at_path             [   0.00000] Loaded C:\WINDOWS\system32\shcore.dll
system   I             system.c:271  al_install_system                [   0.00000] Allegro version: 5.2.8
dtor     D               dtor.c:196  _al_register_destructor          [   0.00025] added dtor for timer 00000221C75E5950, func 00007FFBCC611050
system   D            wsystem.c:834  maybe_parent_dir                 [   0.00039] Also searching C:\Users\Gusta\source\repos\Project1\x64\
system   D            wsystem.c:889  _al_win_safe_load_library        [   0.00074] PathFindOnPath found: C:\WINDOWS\system32\d3d9.dll
system   D            wsystem.c:795  load_library_at_path             [   0.00083] Calling LoadLibrary C:\WINDOWS\system32\d3d9.dll
system   I            wsystem.c:798  load_library_at_path             [   0.00822] Loaded C:\WINDOWS\system32\d3d9.dll
d3d      I         d3d_disp.cpp:679  d3d_init_display                 [   0.08078] Render-to-texture: 1
d3d      I         d3d_disp.cpp:1780 d3d_create_display_locked        [   0.08181] faux_fullscreen=0
d3d      D         d3d_disp.cpp:1781 d3d_create_display_locked        [   0.08190] al_display=00000221C94C6780
d3d      D         d3d_disp.cpp:1782 d3d_create_display_locked        [   0.08201] al_display->vt=00000221C94EBB80
d3d      I d3d_display_formats.cpp:144  _al_d3d_generate_display_format_list [   0.08748] found 160 format combinations
display  D   display_settings.c:214  debug_display_settings           [   0.08758] color: 32 (rgba 8880), depth: 0, stencil: 0, acc: 0000, samples: 0/0
display  D   display_settings.c:529  _al_score_display_settings       [   0.08766] Score is : 897
display  D   display_settings.c:214  debug_display_settings           [   0.08773] color: 32 (rgba 8880), depth: 0, stencil: 0, acc: 0000, samples: 0/0
display  D   display_settings.c:529  _al_score_display_settings       [   0.08780] Score is : 897
display  D   display_settings.c:214  debug_display_settings           [   0.08787] color: 32 (rgba 8880), depth: 0, stencil: 0, acc: 0000, samples: 2/1
display  D   display_settings.c:529  _al_score_display_settings       [   0.08794] Score is : 726
display  D   display_settings.c:214  debug_display_settings           [   0.08817] color: 32 (rgba 8880), depth: 0, stencil: 0, acc: 0000, samples: 3/1
display  D   display_settings.c:529  _al_score_display_settings       [   0.08824] Score is : 721
display  D   display_settings.c:214  debug_display_settings           [   0.08831] color: 32 (rgba 8880), depth: 0, stencil: 0, acc: 0000, samples: 4/1
display  D   display_settings.c:529  _al_score_display_settings       [   0.08838] Score is : 717
display  D   display_settings.c:214  debug_display_settings           [   0.08843] color: 32 (rgba 8880), depth: 24, stencil: 8, acc: 0000, samples: 0/0
display  D   display_settings.c:529  _al_score_display_settings       [   0.08850] Score is : 897
display  D   display_settings.c:214  debug_display_settings           [   0.08856] color: 32 (rgba 8880), depth: 24, stencil: 8, acc: 0000, samples: 0/0
display  D   display_settings.c:529  _al_score_display_settings       [   0.08863] Score is : 897
display  D   display_settings.c:214  debug_display_settings           [   0.08869] color: 32 (rgba 8880), depth: 24, stencil: 8, acc: 0000, samples: 2/1
display  D   display_settings.c:529  _al_score_display_settings       [   0.08875] Score is : 726
display  D   display_settings.c:214  debug_display_settings           [   0.08881] color: 32 (rgba 8880), depth: 24, stencil: 8, acc: 0000, samples: 3/1
display  D   display_settings.c:529  _al_score_display_settings       [   0.08893] Score is : 721
display  D   display_settings.c:214  debug_display_settings           [   0.08899] color: 32 (rgba 8880), depth: 24, stencil: 8, acc: 0000, samples: 4/1
display  D   display_settings.c:529  _al_score_display_settings       [   0.08905] Score is : 717
display  D   display_settings.c:214  debug_display_settings           [   0.08910] color: 32 (rgba 8880), depth: 24, stencil: 0, acc: 0000, samples: 0/0
display  D   display_settings.c:529  _al_score_display_settings       [   0.08916] Score is : 897
display  D   display_settings.c:214  debug_display_settings           [   0.08921] color: 32 (rgba 8880), depth: 24, stencil: 0, acc: 0000, samples: 0/0
display  D   display_settings.c:529  _al_score_display_settings       [   0.08927] Score is : 897
display  D   display_settings.c:214  debug_display_settings           [   0.08933] color: 32 (rgba 8880), depth: 24, stencil: 0, acc: 0000, samples: 2/1
display  D   display_settings.c:529  _al_score_display_settings       [   0.08939] Score is : 726
display  D   display_settings.c:214  debug_display_settings           [   0.08944] color: 32 (rgba 8880), depth: 24, stencil: 0, acc: 0000, samples: 3/1
display  D   display_settings.c:529  _al_score_display_settings       [   0.08950] Score is : 721
display  D   display_settings.c:214  debug_display_settings           [   0.08955] color: 32 (rgba 8880), depth: 24, stencil: 0, acc: 0000, samples: 4/1
display  D   display_settings.c:529  _al_score_display_settings       [   0.08961] Score is : 717
display  D   display_settings.c:214  debug_display_settings           [   0.08967] color: 32 (rgba 8880), depth: 16, stencil: 0, acc: 0000, samples: 0/0
display  D   display_settings.c:529  _al_score_display_settings       [   0.08973] Score is : 897
display  D   display_settings.c:214  debug_display_settings           [   0.08979] color: 32 (rgba 8880), depth: 16, stencil: 0, acc: 0000, samples: 0/0
display  D   display_settings.c:529  _al_score_display_settings       [   0.08984] Score is : 897
display  D   display_settings.c:214  debug_display_settings           [   0.08990] color: 32 (rgba 8880), depth: 16, stencil: 0, acc: 0000, samples: 2/1
display  D   display_settings.c:529  _al_score_display_settings       [   0.08996] Score is : 726
display  D   display_settings.c:214  debug_display_settings           [   0.09001] color: 32 (rgba 8880), depth: 16, stencil: 0, acc: 0000, samples: 3/1
display  D   display_settings.c:529  _al_score_display_settings       [   0.09007] Score is : 721
display  D   display_settings.c:214  debug_display_settings           [   0.09012] color: 32 (rgba 8880), depth: 16, stencil: 0, acc: 0000, samples: 4/1
display  D   display_settings.c:529  _al_score_display_settings       [   0.09019] Score is : 717
display  D   display_settings.c:214  debug_display_settings           [   0.09025] color: 16 (rgba 5650), depth: 0, stencil: 0, acc: 0000, samples: 0/0
display  D   display_settings.c:529  _al_score_display_settings       [   0.09031] Score is : 897
display  D   display_settings.c:214  debug_display_settings           [   0.09036] color: 16 (rgba 5650), depth: 0, stencil: 0, acc: 0000, samples: 0/0
display  D   display_settings.c:529  _al_score_display_settings       [   0.09042] Score is : 897
display  D   display_settings.c:214  debug_display_settings           [   0.09047] color: 16 (rgba 5650), depth: 0, stencil: 0, acc: 0000, samples: 2/1
display  D   display_settings.c:529  _al_score_display_settings       [   0.09053] Score is : 726
display  D   display_settings.c:214  debug_display_settings           [   0.09058] color: 16 (rgba 5650), depth: 0, stencil: 0, acc: 0000, samples: 3/1
display  D   display_settings.c:529  _al_score_display_settings       [   0.09064] Score is : 721
display  D   display_settings.c:214  debug_display_settings           [   0.09069] color: 16 (rgba 5650), depth: 0, stencil: 0, acc: 0000, samples: 4/1
display  D   display_settings.c:529  _al_score_display_settings       [   0.09076] Score is : 717
display  D   display_settings.c:214  debug_display_settings           [   0.09083] color: 16 (rgba 5650), depth: 24, stencil: 8, acc: 0000, samples: 0/0
display  D   display_settings.c:529  _al_score_display_settings       [   0.09090] Score is : 897
display  D   display_settings.c:214  debug_display_settings           [   0.09097] color: 16 (rgba 5650), depth: 24, stencil: 8, acc: 0000, samples: 0/0
display  D   display_settings.c:529  _al_score_display_settings       [   0.09104] Score is : 897
display  D   display_settings.c:214  debug_display_settings           [   0.09109] color: 16 (rgba 5650), depth: 24, stencil: 8, acc: 0000, samples: 2/1
display  D   display_settings.c:529  _al_score_display_settings       [   0.09116] Score is : 726
display  D   display_settings.c:214  debug_display_settings           [   0.09123] color: 16 (rgba 5650), depth: 24, stencil: 8, acc: 0000, samples: 3/1
display  D   display_settings.c:529  _al_score_display_settings       [   0.09131] Score is : 721
display  D   display_settings.c:214  debug_display_settings           [   0.09137] color: 16 (rgba 5650), depth: 24, stencil: 8, acc: 0000, samples: 4/1
display  D   display_settings.c:529  _al_score_display_settings       [   0.09144] Score is : 717
display  D   display_settings.c:214  debug_display_settings           [   0.09152] color: 16 (rgba 5650), depth: 24, stencil: 0, acc: 0000, samples: 0/0
display  D   display_settings.c:529  _al_score_display_settings       [   0.09158] Score is : 897
display  D   display_settings.c:214  debug_display_settings           [   0.09164] color: 16 (rgba 5650), depth: 24, stencil: 0, acc: 0000, samples: 0/0
display  D   display_settings.c:529  _al_score_display_settings       [   0.09170] Score is : 897
display  D   display_settings.c:214  debug_display_settings           [   0.09179] color: 16 (rgba 5650), depth: 24, stencil: 0, acc: 0000, samples: 2/1
display  D   display_settings.c:529  _al_score_display_settings       [   0.09191] Score is : 726
display  D   display_settings.c:214  debug_display_settings           [   0.09203] color: 16 (rgba 5650), depth: 24, stencil: 0, acc: 0000, samples: 3/1
display  D   display_settings.c:529  _al_score_display_settings       [   0.09213] Score is : 721
display  D   display_settings.c:214  debug_display_settings           [   0.09220] color: 16 (rgba 5650), depth: 24, stencil: 0, acc: 0000, samples: 4/1
display  D   display_settings.c:529  _al_score_display_settings       [   0.09232] Score is : 717
display  D   display_settings.c:214  debug_display_settings           [   0.09239] color: 16 (rgba 5650), depth: 16, stencil: 0, acc: 0000, samples: 0/0
display  D   display_settings.c:529  _al_score_display_settings       [   0.09248] Score is : 897
display  D   display_settings.c:214  debug_display_settings           [   0.09253] color: 16 (rgba 5650), depth: 16, stencil: 0, acc: 0000, samples: 0/0
display  D   display_settings.c:529  _al_score_display_settings       [   0.09259] Score is : 897
display  D   display_settings.c:214  debug_display_settings           [   0.09265] color: 16 (rgba 5650), depth: 16, stencil: 0, acc: 0000, samples: 2/1
display  D   display_settings.c:529  _al_score_display_settings       [   0.09271] Score is : 726
display  D   display_settings.c:214  debug_display_settings           [   0.09277] color: 16 (rgba 5650), depth: 16, stencil: 0, acc: 0000, samples: 3/1
display  D   display_settings.c:529  _al_score_display_settings       [   0.09284] Score is : 721
display  D   display_settings.c:214  debug_display_settings           [   0.09291] color: 16 (rgba 5650), depth: 16, stencil: 0, acc: 0000, samples: 4/1
display  D   display_settings.c:529  _al_score_display_settings       [   0.09301] Score is : 717
display  D   display_settings.c:214  debug_display_settings           [   0.09307] color: 32 (rgba 8880), depth: 0, stencil: 0, acc: 0000, samples: 0/0
display  D   display_settings.c:400  _al_score_display_settings       [   0.09322] Single Buffer requirement not met.
display  D   display_settings.c:214  debug_display_settings           [   0.09329] color: 32 (rgba 8880), depth: 0, stencil: 0, acc: 0000, samples: 0/0
display  D   display_settings.c:400  _al_score_display_settings       [   0.09336] Single Buffer requirement not met.
display  D   display_settings.c:214  debug_display_settings           [   0.09341] color: 32 (rgba 8880), depth: 0, stencil: 0, acc: 0000, samples: 2/1
display  D   display_settings.c:400  _al_score_display_settings       [   0.09348] Single Buffer requirement not met.
display  D   display_settings.c:214  debug_display_settings           [   0.09358] color: 32 (rgba 8880), depth: 0, stencil: 0, acc: 0000, samples: 3/1
display  D   display_settings.c:400  _al_score_display_settings       [   0.09365] Single Buffer requirement not met.
display  D   display_settings.c:214  debug_display_settings           [   0.09371] color: 32 (rgba 8880), depth: 0, stencil: 0, acc: 0000, samples: 4/1
display  D   display_settings.c:400  _al_score_display_settings       [   0.09377] Single Buffer requirement not met.
display  D   display_settings.c:214  debug_display_settings           [   0.09384] color: 32 (rgba 8880), depth: 24, stencil: 8, acc: 0000, samples: 0/0
display  D   display_settings.c:400  _al_score_display_settings       [   0.09394] Single Buffer requirement not met.
display  D   display_settings.c:214  debug_display_settings           [   0.09400] color: 32 (rgba 8880), depth: 24, stencil: 8, acc: 0000, samples: 0/0
display  D   display_settings.c:400  _al_score_display_settings       [   0.09410] Single Buffer requirement not met.
display  D   display_settings.c:214  debug_display_settings           [   0.09417] color: 32 (rgba 8880), depth: 24, stencil: 8, acc: 0000, samples: 2/1
display  D   display_settings.c:400  _al_score_display_settings       [   0.09428] Single Buffer requirement not met.
display  D   display_settings.c:214  debug_display_settings           [   0.09434] color: 32 (rgba 8880), depth: 24, stencil: 8, acc: 0000, samples: 3/1
display  D   display_settings.c:400  _al_score_display_settings       [   0.09440] Single Buffer requirement not met.
display  D   display_settings.c:214  debug_display_settings           [   0.09446] color: 32 (rgba 8880), depth: 24, stencil: 8, acc: 0000, samples: 4/1
display  D   display_settings.c:400  _al_score_display_settings       [   0.09454] Single Buffer requirement not met.
display  D   display_settings.c:214  debug_display_settings           [   0.09460] color: 32 (rgba 8880), depth: 24, stencil: 0, acc: 0000, samples: 0/0
display  D   display_settings.c:400  _al_score_display_settings       [   0.09466] Single Buffer requirement not met.
display  D   display_settings.c:214  debug_display_settings           [   0.09473] color: 32 (rgba 8880), depth: 24, stencil: 0, acc: 0000, samples: 0/0
display  D   display_settings.c:400  _al_score_display_settings       [   0.09481] Single Buffer requirement not met.
display  D   display_settings.c:214  debug_display_settings           [   0.09487] color: 32 (rgba 8880), depth: 24, stencil: 0, acc: 0000, samples: 2/1
display  D   display_settings.c:400  _al_score_display_settings       [   0.09494] Single Buffer requirement not met.
display  D   display_settings.c:214  debug_display_settings           [   0.09501] color: 32 (rgba 8880), depth: 24, stencil: 0, acc: 0000, samples: 3/1
display  D   display_settings.c:400  _al_score_display_settings       [   0.09509] Single Buffer requirement not met.
display  D   display_settings.c:214  debug_display_settings           [   0.09516] color: 32 (rgba 8880), depth: 24, stencil: 0, acc: 0000, samples: 4/1
display  D   display_settings.c:400  _al_score_display_settings       [   0.09524] Single Buffer requirement not met.
display  D   display_settings.c:214  debug_display_settings           [   0.09530] color: 32 (rgba 8880), depth: 16, stencil: 0, acc: 0000, samples: 0/0
display  D   display_settings.c:400  _al_score_display_settings       [   0.09536] Single Buffer requirement not met.
display  D   display_settings.c:214  debug_display_settings           [   0.09549] color: 32 (rgba 8880), depth: 16, stencil: 0, acc: 0000, samples: 0/0
display  D   display_settings.c:400  _al_score_display_settings       [   0.09557] Single Buffer requirement not met.
display  D   display_settings.c:214  debug_display_settings           [   0.09563] color: 32 (rgba 8880), depth: 16, stencil: 0, acc: 0000, samples: 2/1
display  D   display_settings.c:400  _al_score_display_settings       [   0.09569] Single Buffer requirement not met.
display  D   display_settings.c:214  debug_display_settings           [   0.09574] color: 32 (rgba 8880), depth: 16, stencil: 0, acc: 0000, samples: 3/1
display  D   display_settings.c:400  _al_score_display_settings       [   0.09580] Single Buffer requirement not met.
display  D   display_settings.c:214  debug_display_settings           [   0.09586] color: 32 (rgba 8880), depth: 16, stencil: 0, acc: 0000, samples: 4/1
display  D   display_settings.c:400  _al_score_display_settings       [   0.09593] Single Buffer requirement not met.
display  D   display_settings.c:214  debug_display_settings           [   0.09600] color: 16 (rgba 5650), depth: 0, stencil: 0, acc: 0000, samples: 0/0
display  D   display_settings.c:400  _al_score_display_settings       [   0.09607] Single Buffer requirement not met.
display  D   display_settings.c:214  debug_display_settings           [   0.09614] color: 16 (rgba 5650), depth: 0, stencil: 0, acc: 0000, samples: 0/0
display  D   display_settings.c:400  _al_score_display_settings       [   0.09620] Single Buffer requirement not met.
display  D   display_settings.c:214  debug_display_settings           [   0.09626] color: 16 (rgba 5650), depth: 0, stencil: 0, acc: 0000, samples: 2/1
display  D   display_settings.c:400  _al_score_display_settings       [   0.09632] Single Buffer requirement not met.
display  D   display_settings.c:214  debug_display_settings           [   0.09638] color: 16 (rgba 5650), depth: 0, stencil: 0, acc: 0000, samples: 3/1
display  D   display_settings.c:400  _al_score_display_settings       [   0.09646] Single Buffer requirement not met.
display  D   display_settings.c:214  debug_display_settings           [   0.09653] color: 16 (rgba 5650), depth: 0, stencil: 0, acc: 0000, samples: 4/1
display  D   display_settings.c:400  _al_score_display_settings       [   0.09661] Single Buffer requirement not met.
display  D   display_settings.c:214  debug_display_settings           [   0.09667] color: 16 (rgba 5650), depth: 24, stencil: 8, acc: 0000, samples: 0/0
display  D   display_settings.c:400  _al_score_display_settings       [   0.09672] Single Buffer requirement not met.
display  D   display_settings.c:214  debug_display_settings           [   0.09678] color: 16 (rgba 5650), depth: 24, stencil: 8, acc: 0000, samples: 0/0
display  D   display_settings.c:400  _al_score_display_settings       [   0.09684] Single Buffer requirement not met.
display  D   display_settings.c:214  debug_display_settings           [   0.09691] color: 16 (rgba 5650), depth: 24, stencil: 8, acc: 0000, samples: 2/1
display  D   display_settings.c:400  _al_score_display_settings       [   0.09698] Single Buffer requirement not met.
display  D   display_settings.c:214  debug_display_settings           [   0.09705] color: 16 (rgba 5650), depth: 24, stencil: 8, acc: 0000, samples: 3/1
display  D   display_settings.c:400  _al_score_display_settings       [   0.09712] Single Buffer requirement not met.
display  D   display_settings.c:214  debug_display_settings           [   0.09718] color: 16 (rgba 5650), depth: 24, stencil: 8, acc: 0000, samples: 4/1
display  D   display_settings.c:400  _al_score_display_settings       [   0.09725] Single Buffer requirement not met.
display  D   display_settings.c:214  debug_display_settings           [   0.09730] color: 16 (rgba 5650), depth: 24, stencil: 0, acc: 0000, samples: 0/0
display  D   display_settings.c:400  _al_score_display_settings       [   0.09737] Single Buffer requirement not met.
display  D   display_settings.c:214  debug_display_settings           [   0.09748] color: 16 (rgba 5650), depth: 24, stencil: 0, acc: 0000, samples: 0/0
display  D   display_settings.c:400  _al_score_display_settings       [   0.09756] Single Buffer requirement not met.
display  D   display_settings.c:214  debug_display_settings           [   0.09761] color: 16 (rgba 5650), depth: 24, stencil: 0, acc: 0000, samples: 2/1
display  D   display_settings.c:400  _al_score_display_settings       [   0.09773] Single Buffer requirement not met.
display  D   display_settings.c:214  debug_display_settings           [   0.09780] color: 16 (rgba 5650), depth: 24, stencil: 0, acc: 0000, samples: 3/1
display  D   display_settings.c:400  _al_score_display_settings       [   0.09788] Single Buffer requirement not met.
display  D   display_settings.c:214  debug_display_settings           [   0.09795] color: 16 (rgba 5650), depth: 24, stencil: 0, acc: 0000, samples: 4/1
display  D   display_settings.c:400  _al_score_display_settings       [   0.09803] Single Buffer requirement not met.
display  D   display_settings.c:214  debug_display_settings           [   0.09810] color: 16 (rgba 5650), depth: 16, stencil: 0, acc: 0000, samples: 0/0
display  D   display_settings.c:400  _al_score_display_settings       [   0.09817] Single Buffer requirement not met.
display  D   display_settings.c:214  debug_display_settings           [   0.09823] color: 16 (rgba 5650), depth: 16, stencil: 0, acc: 0000, samples: 0/0
display  D   display_settings.c:400  _al_score_display_settings       [   0.09831] Single Buffer requirement not met.
display  D   display_settings.c:214  debug_display_settings           [   0.09838] color: 16 (rgba 5650), depth: 16, stencil: 0, acc: 0000, samples: 2/1
display  D   display_settings.c:400  _al_score_display_settings       [   0.09845] Single Buffer requirement not met.
display  D   display_settings.c:214  debug_display_settings           [   0.09850] color: 16 (rgba 5650), depth: 16, stencil: 0, acc: 0000, samples: 3/1
display  D   display_settings.c:400  _al_score_display_settings       [   0.09857] Single Buffer requirement not met.
display  D   display_settings.c:214  debug_display_settings           [   0.09863] color: 16 (rgba 5650), depth: 16, stencil: 0, acc: 0000, samples: 4/1
display  D   display_settings.c:400  _al_score_display_settings       [   0.09870] Single Buffer requirement not met.
display  D   display_settings.c:214  debug_display_settings           [   0.09877] color: 32 (rgba 8880), depth: 0, stencil: 0, acc: 0000, samples: 0/0
display  D   display_settings.c:529  _al_score_display_settings       [   0.09884] Score is : 769
display  D   display_settings.c:214  debug_display_settings           [   0.09891] color: 32 (rgba 8880), depth: 0, stencil: 0, acc: 0000, samples: 0/0
display  D   display_settings.c:529  _al_score_display_settings       [   0.09899] Score is : 769
display  D   display_settings.c:214  debug_display_settings           [   0.09906] color: 32 (rgba 8880), depth: 0, stencil: 0, acc: 0000, samples: 2/1
display  D   display_settings.c:529  _al_score_display_settings       [   0.09913] Score is : 598
display  D   display_settings.c:214  debug_display_settings           [   0.09919] color: 32 (rgba 8880), depth: 0, stencil: 0, acc: 0000, samples: 3/1
display  D   display_settings.c:529  _al_score_display_settings       [   0.09926] Score is : 593
display  D   display_settings.c:214  debug_display_settings           [   0.09933] color: 32 (rgba 8880), depth: 0, stencil: 0, acc: 0000, samples: 4/1
display  D   display_settings.c:529  _al_score_display_settings       [   0.09939] Score is : 589
display  D   display_settings.c:214  debug_display_settings           [   0.09946] color: 32 (rgba 8880), depth: 24, stencil: 8, acc: 0000, samples: 0/0
display  D   display_settings.c:529  _al_score_display_settings       [   0.09954] Score is : 769
display  D   display_settings.c:214  debug_display_settings           [   0.09960] color: 32 (rgba 8880), depth: 24, stencil: 8, acc: 0000, samples: 0/0
display  D   display_settings.c:529  _al_score_display_settings       [   0.09972] Score is : 769
display  D   display_settings.c:214  debug_display_settings           [   0.09977] color: 32 (rgba 8880), depth: 24, stencil: 8, acc: 0000, samples: 2/1
display  D   display_settings.c:529  _al_score_display_settings       [   0.09984] Score is : 598
display  D   display_settings.c:214  debug_display_settings           [   0.09990] color: 32 (rgba 8880), depth: 24, stencil: 8, acc: 0000, samples: 3/1
display  D   display_settings.c:529  _al_score_display_settings       [   0.09997] Score is : 593
display  D   display_settings.c:214  debug_display_settings           [   0.10004] color: 32 (rgba 8880), depth: 24, stencil: 8, acc: 0000, samples: 4/1
display  D   display_settings.c:529  _al_score_display_settings       [   0.10012] Score is : 589
display  D   display_settings.c:214  debug_display_settings           [   0.10019] color: 32 (rgba 8880), depth: 24, stencil: 0, acc: 0000, samples: 0/0
display  D   display_settings.c:529  _al_score_display_settings       [   0.10026] Score is : 769
display  D   display_settings.c:214  debug_display_settings           [   0.10032] color: 32 (rgba 8880), depth: 24, stencil: 0, acc: 0000, samples: 0/0
display  D   display_settings.c:529  _al_score_display_settings       [   0.10039] Score is : 769
display  D   display_settings.c:214  debug_display_settings           [   0.10046] color: 32 (rgba 8880), depth: 24, stencil: 0, acc: 0000, samples: 2/1
display  D   display_settings.c:529  _al_score_display_settings       [   0.10054] Score is : 598
display  D   display_settings.c:214  debug_display_settings           [   0.10060] color: 32 (rgba 8880), depth: 24, stencil: 0, acc: 0000, samples: 3/1
display  D   display_settings.c:529  _al_score_display_settings       [   0.10067] Score is : 593
display  D   display_settings.c:214  debug_display_settings           [   0.10073] color: 32 (rgba 8880), depth: 24, stencil: 0, acc: 0000, samples: 4/1
display  D   display_settings.c:529  _al_score_display_settings       [   0.10081] Score is : 589
display  D   display_settings.c:214  debug_display_settings           [   0.10088] color: 32 (rgba 8880), depth: 16, stencil: 0, acc: 0000, samples: 0/0
display  D   display_settings.c:529  _al_score_display_settings       [   0.10096] Score is : 769
display  D   display_settings.c:214  debug_display_settings           [   0.10101] color: 32 (rgba 8880), depth: 16, stencil: 0, acc: 0000, samples: 0/0
display  D   display_settings.c:529  _al_score_display_settings       [   0.10108] Score is : 769
display  D   display_settings.c:214  debug_display_settings           [   0.10114] color: 32 (rgba 8880), depth: 16, stencil: 0, acc: 0000, samples: 2/1
display  D   display_settings.c:529  _al_score_display_settings       [   0.10119] Score is : 598
display  D   display_settings.c:214  debug_display_settings           [   0.10126] color: 32 (rgba 8880), depth: 16, stencil: 0, acc: 0000, samples: 3/1
display  D   display_settings.c:529  _al_score_display_settings       [   0.10133] Score is : 593
display  D   display_settings.c:214  debug_display_settings           [   0.10140] color: 32 (rgba 8880), depth: 16, stencil: 0, acc: 0000, samples: 4/1
display  D   display_settings.c:529  _al_score_display_settings       [   0.10147] Score is : 589
display  D   display_settings.c:214  debug_display_settings           [   0.10152] color: 16 (rgba 5650), depth: 0, stencil: 0, acc: 0000, samples: 0/0
display  D   display_settings.c:529  _al_score_display_settings       [   0.10159] Score is : 769
display  D   display_settings.c:214  debug_display_settings           [   0.10166] color: 16 (rgba 5650), depth: 0, stencil: 0, acc: 0000, samples: 0/0
display  D   display_settings.c:529  _al_score_display_settings       [   0.10174] Score is : 769
display  D   display_settings.c:214  debug_display_settings           [   0.10179] color: 16 (rgba 5650), depth: 0, stencil: 0, acc: 0000, samples: 2/1
display  D   display_settings.c:529  _al_score_display_settings       [   0.10186] Score is : 598
display  D   display_settings.c:214  debug_display_settings           [   0.10193] color: 16 (rgba 5650), depth: 0, stencil: 0, acc: 0000, samples: 3/1
display  D   display_settings.c:529  _al_score_display_settings       [   0.10199] Score is : 593
display  D   display_settings.c:214  debug_display_settings           [   0.10247] color: 16 (rgba 5650), depth: 0, stencil: 0, acc: 0000, samples: 4/1
display  D   display_settings.c:529  _al_score_display_settings       [   0.10255] Score is : 589
display  D   display_settings.c:214  debug_display_settings           [   0.10261] color: 16 (rgba 5650), depth: 24, stencil: 8, acc: 0000, samples: 0/0
display  D   display_settings.c:529  _al_score_display_settings       [   0.10267] Score is : 769
display  D   display_settings.c:214  debug_display_settings           [   0.10272] color: 16 (rgba 5650), depth: 24, stencil: 8, acc: 0000, samples: 0/0
display  D   display_settings.c:529  _al_score_display_settings       [   0.10278] Score is : 769
display  D   display_settings.c:214  debug_display_settings           [   0.10283] color: 16 (rgba 5650), depth: 24, stencil: 8, acc: 0000, samples: 2/1
display  D   display_settings.c:529  _al_score_display_settings       [   0.10289] Score is : 598
display  D   display_settings.c:214  debug_display_settings           [   0.10296] color: 16 (rgba 5650), depth: 24, stencil: 8, acc: 0000, samples: 3/1
display  D   display_settings.c:529  _al_score_display_settings       [   0.10302] Score is : 593
display  D   display_settings.c:214  debug_display_settings           [   0.10308] color: 16 (rgba 5650), depth: 24, stencil: 8, acc: 0000, samples: 4/1
display  D   display_settings.c:529  _al_score_display_settings       [   0.10314] Score is : 589
display  D   display_settings.c:214  debug_display_settings           [   0.10319] color: 16 (rgba 5650), depth: 24, stencil: 0, acc: 0000, samples: 0/0
display  D   display_settings.c:529  _al_score_display_settings       [   0.10325] Score is : 769
display  D   display_settings.c:214  debug_display_settings           [   0.10330] color: 16 (rgba 5650), depth: 24, stencil: 0, acc: 0000, samples: 0/0
display  D   display_settings.c:529  _al_score_display_settings       [   0.10337] Score is : 769
display  D   display_settings.c:214  debug_display_settings           [   0.10343] color: 16 (rgba 5650), depth: 24, stencil: 0, acc: 0000, samples: 2/1
display  D   display_settings.c:529  _al_score_display_settings       [   0.10350] Score is : 598
display  D   display_settings.c:214  debug_display_settings           [   0.10356] color: 16 (rgba 5650), depth: 24, stencil: 0, acc: 0000, samples: 3/1
display  D   display_settings.c:529  _al_score_display_settings       [   0.10362] Score is : 593
display  D   display_settings.c:214  debug_display_settings           [   0.10367] color: 16 (rgba 5650), depth: 24, stencil: 0, acc: 0000, samples: 4/1
display  D   display_settings.c:529  _al_score_display_settings       [   0.10374] Score is : 589
display  D   display_settings.c:214  debug_display_settings           [   0.10381] color: 16 (rgba 5650), depth: 16, stencil: 0, acc: 0000, samples: 0/0
display  D   display_settings.c:529  _al_score_display_settings       [   0.10388] Score is : 769
display  D   display_settings.c:214  debug_display_settings           [   0.10395] color: 16 (rgba 5650), depth: 16, stencil: 0, acc: 0000, samples: 0/0
display  D   display_settings.c:529  _al_score_display_settings       [   0.10403] Score is : 769
display  D   display_settings.c:214  debug_display_settings           [   0.10409] color: 16 (rgba 5650), depth: 16, stencil: 0, acc: 0000, samples: 2/1
display  D   display_settings.c:529  _al_score_display_settings       [   0.10416] Score is : 598
display  D   display_settings.c:214  debug_display_settings           [   0.10422] color: 16 (rgba 5650), depth: 16, stencil: 0, acc: 0000, samples: 3/1
display  D   display_settings.c:529  _al_score_display_settings       [   0.10428] Score is : 593
display  D   display_settings.c:214  debug_display_settings           [   0.10435] color: 16 (rgba 5650), depth: 16, stencil: 0, acc: 0000, samples: 4/1
display  D   display_settings.c:529  _al_score_display_settings       [   0.10441] Score is : 589
display  D   display_settings.c:214  debug_display_settings           [   0.10446] color: 32 (rgba 8880), depth: 0, stencil: 0, acc: 0000, samples: 0/0
display  D   display_settings.c:400  _al_score_display_settings       [   0.10452] Single Buffer requirement not met.
display  D   display_settings.c:214  debug_display_settings           [   0.10457] color: 32 (rgba 8880), depth: 0, stencil: 0, acc: 0000, samples: 0/0
display  D   display_settings.c:400  _al_score_display_settings       [   0.10471] Single Buffer requirement not met.
display  D   display_settings.c:214  debug_display_settings           [   0.10477] color: 32 (rgba 8880), depth: 0, stencil: 0, acc: 0000, samples: 2/1
display  D   display_settings.c:400  _al_score_display_settings       [   0.10483] Single Buffer requirement not met.
display  D   display_settings.c:214  debug_display_settings           [   0.10489] color: 32 (rgba 8880), depth: 0, stencil: 0, acc: 0000, samples: 3/1
display  D   display_settings.c:400  _al_score_display_settings       [   0.10495] Single Buffer requirement not met.
display  D   display_settings.c:214  debug_display_settings           [   0.10501] color: 32 (rgba 8880), depth: 0, stencil: 0, acc: 0000, samples: 4/1
display  D   display_settings.c:400  _al_score_display_settings       [   0.10506] Single Buffer requirement not met.
display  D   display_settings.c:214  debug_display_settings           [   0.10513] color: 32 (rgba 8880), depth: 24, stencil: 8, acc: 0000, samples: 0/0
display  D   display_settings.c:400  _al_score_display_settings       [   0.10519] Single Buffer requirement not met.
display  D   display_settings.c:214  debug_display_settings           [   0.10526] color: 32 (rgba 8880), depth: 24, stencil: 8, acc: 0000, samples: 0/0
display  D   display_settings.c:400  _al_score_display_settings       [   0.10531] Single Buffer requirement not met.
display  D   display_settings.c:214  debug_display_settings           [   0.10537] color: 32 (rgba 8880), depth: 24, stencil: 8, acc: 0000, samples: 2/1
display  D   display_settings.c:400  _al_score_display_settings       [   0.10544] Single Buffer requirement not met.
display  D   display_settings.c:214  debug_display_settings           [   0.10550] color: 32 (rgba 8880), depth: 24, stencil: 8, acc: 0000, samples: 3/1
display  D   display_settings.c:400  _al_score_display_settings       [   0.10555] Single Buffer requirement not met.
display  D   display_settings.c:214  debug_display_settings           [   0.10560] color: 32 (rgba 8880), depth: 24, stencil: 8, acc: 0000, samples: 4/1
display  D   display_settings.c:400  _al_score_display_settings       [   0.10567] Single Buffer requirement not met.
display  D   display_settings.c:214  debug_display_settings           [   0.10573] color: 32 (rgba 8880), depth: 24, stencil: 0, acc: 0000, samples: 0/0
display  D   display_settings.c:400  _al_score_display_settings       [   0.10580] Single Buffer requirement not met.
display  D   display_settings.c:214  debug_display_settings           [   0.10586] color: 32 (rgba 8880), depth: 24, stencil: 0, acc: 0000, samples: 0/0
display  D   display_settings.c:400  _al_score_display_settings       [   0.10592] Single Buffer requirement not met.
display  D   display_settings.c:214  debug_display_settings           [   0.10599] color: 32 (rgba 8880), depth: 24, stencil: 0, acc: 0000, samples: 2/1
display  D   display_settings.c:400  _al_score_display_settings       [   0.10605] Single Buffer requirement not met.
display  D   display_settings.c:214  debug_display_settings           [   0.10611] color: 32 (rgba 8880), depth: 24, stencil: 0, acc: 0000, samples: 3/1
display  D   display_settings.c:400  _al_score_display_settings       [   0.10618] Single Buffer requirement not met.
display  D   display_settings.c:214  debug_display_settings           [   0.10626] color: 32 (rgba 8880), depth: 24, stencil: 0, acc: 0000, samples: 4/1
display  D   display_settings.c:400  _al_score_display_settings       [   0.10633] Single Buffer requirement not met.
display  D   display_settings.c:214  debug_display_settings           [   0.10640] color: 32 (rgba 8880), depth: 16, stencil: 0, acc: 0000, samples: 0/0
display  D   display_settings.c:400  _al_score_display_settings       [   0.10646] Single Buffer requirement not met.
display  D   display_settings.c:214  debug_display_settings           [   0.10652] color: 32 (rgba 8880), depth: 16, stencil: 0, acc: 0000, samples: 0/0
display  D   display_settings.c:400  _al_score_display_settings       [   0.10658] Single Buffer requirement not met.
display  D   display_settings.c:214  debug_display_settings           [   0.10664] color: 32 (rgba 8880), depth: 16, stencil: 0, acc: 0000, samples: 2/1
display  D   display_settings.c:400  _al_score_display_settings       [   0.10671] Single Buffer requirement not met.
display  D   display_settings.c:214  debug_display_settings           [   0.10676] color: 32 (rgba 8880), depth: 16, stencil: 0, acc: 0000, samples: 3/1
display  D   display_settings.c:400  _al_score_display_settings       [   0.10683] Single Buffer requirement not met.
display  D   display_settings.c:214  debug_display_settings           [   0.10689] color: 32 (rgba 8880), depth: 16, stencil: 0, acc: 0000, samples: 4/1
display  D   display_settings.c:400  _al_score_display_settings       [   0.10696] Single Buffer requirement not met.
display  D   display_settings.c:214  debug_display_settings           [   0.10703] color: 16 (rgba 5650), depth: 0, stencil: 0, acc: 0000, samples: 0/0
display  D   display_settings.c:400  _al_score_display_settings       [   0.10711] Single Buffer requirement not met.
display  D   display_settings.c:214  debug_display_settings           [   0.10717] color: 16 (rgba 5650), depth: 0, stencil: 0, acc: 0000, samples: 0/0
display  D   display_settings.c:400  _al_score_display_settings       [   0.10722] Single Buffer requirement not met.
display  D   display_settings.c:214  debug_display_settings           [   0.10728] color: 16 (rgba 5650), depth: 0, stencil: 0, acc: 0000, samples: 2/1
display  D   display_settings.c:400  _al_score_display_settings       [   0.10734] Single Buffer requirement not met.
display  D   display_settings.c:214  debug_display_settings           [   0.10740] color: 16 (rgba 5650), depth: 0, stencil: 0, acc: 0000, samples: 3/1
display  D   display_settings.c:400  _al_score_display_settings       [   0.10747] Single Buffer requirement not met.
display  D   display_settings.c:214  debug_display_settings           [   0.10753] color: 16 (rgba 5650), depth: 0, stencil: 0, acc: 0000, samples: 4/1
display  D   display_settings.c:400  _al_score_display_settings       [   0.10759] Single Buffer requirement not met.
display  D   display_settings.c:214  debug_display_settings           [   0.10766] color: 16 (rgba 5650), depth: 24, stencil: 8, acc: 0000, samples: 0/0
display  D   display_settings.c:400  _al_score_display_settings       [   0.10773] Single Buffer requirement not met.
display  D   display_settings.c:214  debug_display_settings           [   0.10779] color: 16 (rgba 5650), depth: 24, stencil: 8, acc: 0000, samples: 0/0
display  D   display_settings.c:400  _al_score_display_settings       [   0.10786] Single Buffer requirement not met.
display  D   display_settings.c:214  debug_display_settings           [   0.10793] color: 16 (rgba 5650), depth: 24, stencil: 8, acc: 0000, samples: 2/1
display  D   display_settings.c:400  _al_score_display_settings       [   0.10800] Single Buffer requirement not met.
display  D   display_settings.c:214  debug_display_settings           [   0.10806] color: 16 (rgba 5650), depth: 24, stencil: 8, acc: 0000, samples: 3/1
display  D   display_settings.c:400  _al_score_display_settings       [   0.10813] Single Buffer requirement not met.
display  D   display_settings.c:214  debug_display_settings           [   0.10820] color: 16 (rgba 5650), depth: 24, stencil: 8, acc: 0000, samples: 4/1
display  D   display_settings.c:400  _al_score_display_settings       [   0.10828] Single Buffer requirement not met.
display  D   display_settings.c:214  debug_display_settings           [   0.10834] color: 16 (rgba 5650), depth: 24, stencil: 0, acc: 0000, samples: 0/0
display  D   display_settings.c:400  _al_score_display_settings       [   0.10841] Single Buffer requirement not met.
display  D   display_settings.c:214  debug_display_settings           [   0.10847] color: 16 (rgba 5650), depth: 24, stencil: 0, acc: 0000, samples: 0/0
display  D   display_settings.c:400  _al_score_display_settings       [   0.10854] Single Buffer requirement not met.
display  D   display_settings.c:214  debug_display_settings           [   0.10861] color: 16 (rgba 5650), depth: 24, stencil: 0, acc: 0000, samples: 2/1
display  D   display_settings.c:400  _al_score_display_settings       [   0.10867] Single Buffer requirement not met.
display  D   display_settings.c:214  debug_display_settings           [   0.10873] color: 16 (rgba 5650), depth: 24, stencil: 0, acc: 0000, samples: 3/1
display  D   display_settings.c:400  _al_score_display_settings       [   0.10881] Single Buffer requirement not met.
display  D   display_settings.c:214  debug_display_settings           [   0.10887] color: 16 (rgba 5650), depth: 24, stencil: 0, acc: 0000, samples: 4/1
display  D   display_settings.c:400  _al_score_display_settings       [   0.10895] Single Buffer requirement not met.
display  D   display_settings.c:214  debug_display_settings           [   0.10902] color: 16 (rgba 5650), depth: 16, stencil: 0, acc: 0000, samples: 0/0
display  D   display_settings.c:400  _al_score_display_settings       [   0.10909] Single Buffer requirement not met.
display  D   display_settings.c:214  debug_display_settings           [   0.10916] color: 16 (rgba 5650), depth: 16, stencil: 0, acc: 0000, samples: 0/0
display  D   display_settings.c:400  _al_score_display_settings       [   0.10923] Single Buffer requirement not met.
display  D   display_settings.c:214  debug_display_settings           [   0.10930] color: 16 (rgba 5650), depth: 16, stencil: 0, acc: 0000, samples: 2/1
display  D   display_settings.c:400  _al_score_display_settings       [   0.10936] Single Buffer requirement not met.
display  D   display_settings.c:214  debug_display_settings           [   0.10942] color: 16 (rgba 5650), depth: 16, stencil: 0, acc: 0000, samples: 3/1
display  D   display_settings.c:400  _al_score_display_settings       [   0.10948] Single Buffer requirement not met.
display  D   display_settings.c:214  debug_display_settings           [   0.10953] color: 16 (rgba 5650), depth: 16, stencil: 0, acc: 0000, samples: 4/1
display  D   display_settings.c:400  _al_score_display_settings       [   0.10960] Single Buffer requirement not met.
d3d      D         d3d_disp.cpp:1677 d3d_create_display_internals     [   0.10970] Trying format 0.
d3d      I         d3d_disp.cpp:1353 d3d_display_thread_proc          [   0.11154] Chose a display format: 23
d3d      I         d3d_disp.cpp:1422 d3d_display_thread_proc          [   0.11164] Normal window.
d3d      I         d3d_disp.cpp:786  d3d_create_device                [   0.14239] Using no depth stencil buffer
d3d      D         d3d_disp.cpp:848  d3d_create_device                [   0.22494] BeginScene succeeded in create_device
d3d      D         d3d_disp.cpp:856  d3d_create_device                [   0.22511] Success
d3d      D         d3d_disp.cpp:1703 d3d_create_display_internals     [   0.22531] Resumed after wait.
d3d      I         d3d_disp.cpp:1736 d3d_create_display_internals     [   0.22541] Format 0 succeeded.
d3d      D         d3d_disp.cpp:1767 d3d_create_display_internals     [   0.22554] Returning d3d_display: 00000221C94C6780
d3d      D         d3d_disp.cpp:1792 d3d_create_display_locked        [   0.22564] al_display=00000221C94C6780
d3d      D         d3d_disp.cpp:1793 d3d_create_display_locked        [   0.22571] al_display->vt=00000221C94EBB80
system   D            wsystem.c:834  maybe_parent_dir                 [   0.22615] Also searching C:\Users\Gusta\source\repos\Project1\x64\
system   D            wsystem.c:889  _al_win_safe_load_library        [   0.22645] PathFindOnPath found: C:\WINDOWS\system32\d3dx9_43.dll
system   D            wsystem.c:795  load_library_at_path             [   0.22652] Calling LoadLibrary C:\WINDOWS\system32\d3dx9_43.dll
system   I            wsystem.c:798  load_library_at_path             [   0.22809] Loaded C:\WINDOWS\system32\d3dx9_43.dll
d3dx9    I        d3d_d3dx9.cpp:88   _imp_load_d3dx9_module_version   [   0.22825] Module "d3dx9_43.dll" loaded.
dtor     D               dtor.c:196  _al_register_destructor          [   0.22849] added dtor for queue 00000221CA0FF150, func 00007FFBCC611C30
stdio    D         file_stdio.c:110  file_stdio_fopen                 [   0.23101] opening arial.ttf rb
font     D                ttf.c:973  al_load_ttf_font_stretch_f       [   0.23190] Font arial.ttf loaded with pixel size 0 x 20.
font     D                ttf.c:975  al_load_ttf_font_stretch_f       [   0.23205]     ascent=19.0, descent=-5.0, height=23.0
dtor     D               dtor.c:196  _al_register_destructor          [   0.23216] added dtor for ttf_font 00000221CE411440, func 00007FFBD142128F
d3d      D         d3d_disp.cpp:1197 real_choose_bitmap_format        [   0.26682] Fake format
d3d      D         d3d_disp.cpp:1197 real_choose_bitmap_format        [   0.26700] Fake format
d3d      D         d3d_disp.cpp:1197 real_choose_bitmap_format        [   0.26714] Fake format
d3d      D         d3d_disp.cpp:1197 real_choose_bitmap_format        [   0.26727] Fake format
d3d      D         d3d_disp.cpp:1197 real_choose_bitmap_format        [   0.26734] Fake format
d3d      D         d3d_disp.cpp:1197 real_choose_bitmap_format        [   0.26741] Fake format
d3d      D         d3d_disp.cpp:1197 real_choose_bitmap_format        [   0.26748] Fake format
d3d      D         d3d_disp.cpp:1197 real_choose_bitmap_format        [   0.26755] Fake format
d3d      D         d3d_disp.cpp:1197 real_choose_bitmap_format        [   0.26769] Fake format
d3d      D         d3d_disp.cpp:1205 real_choose_bitmap_format        [   0.26775] Alpha doesn't match
d3d      D         d3d_disp.cpp:1212 real_choose_bitmap_format        [   0.26782] Adapter format is 23
d3d      D         d3d_disp.cpp:1215 real_choose_bitmap_format        [   0.26790] Found a format
d3d      I         d3d_disp.cpp:2388 d3d_create_bitmap                [   0.26797] Chose bitmap format 9
font     D                ttf.c:243  alloc_glyph_region               [   0.27038] Glyph 57: 18x19 (20x20)
font     D                ttf.c:287  alloc_glyph_region               [   0.27052] Locking glyph region: 00000221CE3AD0B0 0 0 20 20
font     D                ttf.c:167  unlock_current_page              [   0.27296] Unlocking page: 00000221CE3AD0B0
font     D                ttf.c:243  alloc_glyph_region               [   0.27318] Glyph 76: 7x19 (8x20)
font     D                ttf.c:287  alloc_glyph_region               [   0.27327] Locking glyph region: 00000221CE3AD0B0 20 0 8 20
font     D                ttf.c:167  unlock_current_page              [   0.27340] Unlocking page: 00000221CE3AD0B0
font     D                ttf.c:243  alloc_glyph_region               [   0.27355] Glyph 71: 14x19 (16x20)
font     D                ttf.c:287  alloc_glyph_region               [   0.27361] Locking glyph region: 00000221CE3AD0B0 28 0 16 20
font     D                ttf.c:167  unlock_current_page              [   0.27375] Unlocking page: 00000221CE3AD0B0
font     D                ttf.c:243  alloc_glyph_region               [   0.27387] Glyph 68: 15x15 (16x16)
font     D                ttf.c:287  alloc_glyph_region               [   0.27394] Locking glyph region: 00000221CE3AD0B0 44 0 16 16
font     D                ttf.c:167  unlock_current_page              [   0.27410] Unlocking page: 00000221CE3AD0B0
font     D                ttf.c:243  alloc_glyph_region               [   0.27422] Glyph 86: 14x15 (16x16)
font     D                ttf.c:287  alloc_glyph_region               [   0.27429] Locking glyph region: 00000221CE3AD0B0 60 0 16 16
font     D                ttf.c:167  unlock_current_page              [   0.27440] Unlocking page: 00000221CE3AD0B0
font     D                ttf.c:243  alloc_glyph_region               [   0.27450] Glyph 29: 7x14 (8x16)
font     D                ttf.c:287  alloc_glyph_region               [   0.27462] Locking glyph region: 00000221CE3AD0B0 76 0 8 16
font     D                ttf.c:167  unlock_current_page              [   0.27473] Unlocking page: 00000221CE3AD0B0
font     D                ttf.c:471  cache_glyph                      [   0.27487] Glyph 3 has zero size.
font     D                ttf.c:243  alloc_glyph_region               [   0.27507] Glyph 22: 15x19 (16x20)
font     D                ttf.c:287  alloc_glyph_region               [   0.27519] Locking glyph region: 00000221CE3AD0B0 84 0 16 20
font     D                ttf.c:167  unlock_current_page              [   0.27530] Unlocking page: 00000221CE3AD0B0
d3d      D          d3d_bmp.cpp:539  _al_d3d_sync_bitmap              [   0.27876] _al_d3d_sync_bitmap (system) ref count == 1
d3d      D          d3d_bmp.cpp:545  _al_d3d_sync_bitmap              [   0.27895] _al_d3d_sync_bitmap (video) ref count == 1
font     D                ttf.c:243  alloc_glyph_region               [   4.43326] Glyph 21: 15x19 (16x20)
font     D                ttf.c:287  alloc_glyph_region               [   4.43345] Locking glyph region: 00000221CE3AD0B0 100 0 16 20
font     D                ttf.c:167  unlock_current_page              [   4.43354] Unlocking page: 00000221CE3AD0B0
d3d      D          d3d_bmp.cpp:539  _al_d3d_sync_bitmap              [   4.43481] _al_d3d_sync_bitmap (system) ref count == 1
d3d      D          d3d_bmp.cpp:545  _al_d3d_sync_bitmap              [   4.43502] _al_d3d_sync_bitmap (video) ref count == 1
dtor     D               dtor.c:227  _al_unregister_destructor        [   7.18226] removed dtor for timer 00000221C75E5950
d3d      I         d3d_disp.cpp:910  d3d_destroy_display              [   7.18248] destroying display 00000221C94C6780 (current 0000000000000000)
bitmap   D        bitmap_type.c:308  _al_convert_to_memory_bitmap     [   7.18646] converting display bitmap 00000221CE3AD0B0 to memory bitmap
dtor     D               dtor.c:196  _al_register_destructor          [   7.18702] added dtor for bitmap 00000221CE3ABD50, func 00007FFBCC61118B
d3d      D          d3d_bmp.cpp:539  _al_d3d_sync_bitmap              [   7.18730] _al_d3d_sync_bitmap (system) ref count == 1
d3d      D          d3d_bmp.cpp:545  _al_d3d_sync_bitmap              [   7.18738] _al_d3d_sync_bitmap (video) ref count == 1
dtor     D               dtor.c:227  _al_unregister_destructor        [   7.18938] removed dtor for bitmap 00000221CE3ABD50
d3d      D         d3d_disp.cpp:894  d3d_destroy_display_internals    [   7.18984] waiting for display 00000221C94C6780's thread to end
d3d      W         d3d_disp.cpp:603  d3d_destroy_device               [   7.19630] d3d_destroy_device: ref count not 0
d3d      W         d3d_disp.cpp:603  d3d_destroy_device               [   7.19648] d3d_destroy_device: ref count not 0
d3d      I         d3d_disp.cpp:1557 d3d_display_thread_proc          [   7.20858] d3d display thread exits
dtor     D               dtor.c:227  _al_unregister_destructor        [   7.20975] removed dtor for queue 00000221CA0FF150
dtor     D               dtor.c:116  _al_run_destructors              [   7.20989] calling dtor for ttf_font 00000221CE411440, func 00007FFBD142128F
dtor     D               dtor.c:227  _al_unregister_destructor        [   7.21000] removed dtor for ttf_font 00000221CE411440
